[+] Containers:
 |- [+] Container: /Game/ThirdPerson/Maps/ThirdPersonMap
 |   |- [+] ActorDescs:
 |   |   |- Guid:0697A46A41E8282C158C7AA9A83AC7DB BaseClass:/Game/ThirdPerson/Obstacles/BP_AllowDobuleJump.BP_AllowDobuleJump_C NativeClass:/Script/Engine.Actor Name:BP_AllowDobuleJump_C_UAID_18C04DC61B16833D02_2026429968 Label:BP_AllowDobuleJump SpatiallyLoaded:1 Bounds:IsValid=true, Min=(X=478.000 Y=1953.000 Z=8.000), Max=(X=542.000 Y=2017.000 Z=72.000) RuntimeGrid:None EditorOnly:0 RuntimeOnly:0 HLODRelevant:0 ListedInSceneOutliner:1 IsMainWorldOnly:0
 |   |   |- Guid:07E165CD4173A835C6C83C931BD29F9F BaseClass: NativeClass:/Script/Engine.StaticMeshActor Name:StaticMeshActor_UAID_18C04DC61B16F63F02_1187523339 Label:SM_Building_Facade_B_10 SpatiallyLoaded:1 Bounds:IsValid=true, Min=(X=680.000 Y=4065.000 Z=1185.000), Max=(X=680.000 Y=6114.320 Z=3233.001) RuntimeGrid:None EditorOnly:0 RuntimeOnly:0 HLODRelevant:1 ListedInSceneOutliner:1 IsMainWorldOnly:0
 |   |   |- Guid:0E2F60D24C5C29366A503E8611C63C02 BaseClass: NativeClass:/Script/Engine.StaticMeshActor Name:StaticMeshActor_UAID_18C04DC61B16F53F02_1656134152 Label:SM_Building_Balcony_01 SpatiallyLoaded:1 Bounds:IsValid=true, Min=(X=344.177 Y=2773.238 Z=70.000), Max=(X=680.000 Y=3525.369 Z=234.269) RuntimeGrid:None EditorOnly:0 RuntimeOnly:0 HLODRelevant:1 ListedInSceneOutliner:1 IsMainWorldOnly:0
 |   |   |- Guid:139DE92E4C156A9725B5A28446A98222 BaseClass: NativeClass:/Script/Engine.TriggerBox Name:TriggerBox_UAID_18C04DC61B166D3A02_1238184928 Label:TriggerBox SpatiallyLoaded:1 Bounds:IsValid=true, Min=(X=420.000 Y=600.000 Z=-0.000), Max=(X=660.000 Y=840.000 Z=240.000) RuntimeGrid:None EditorOnly:0 RuntimeOnly:0 HLODRelevant:0 ListedInSceneOutliner:1 IsMainWorldOnly:0
 |   |   |- Guid:167C37B54AA2A2875A5A9B8428669543 BaseClass: NativeClass:/Script/Engine.StaticMeshActor Name:StaticMeshActor_UAID_18C04DC61B16F63F02_1102968333 Label:SM_Building_Facade_B_04 SpatiallyLoaded:1 Bounds:IsValid=true, Min=(X=680.000 Y=-20.000 Z=-860.000), Max=(X=680.000 Y=2029.320 Z=1188.001) RuntimeGrid:None EditorOnly:0 RuntimeOnly:0 HLODRelevant:1 ListedInSceneOutliner:1 IsMainWorldOnly:0
 |   |   |- Guid:21A19E9B4167A1940FA0E6BA8A1F9828 BaseClass: NativeClass:/Script/Engine.CameraActor Name:CameraActor_UAID_18C04DC61B166D3A02_1141421927 Label:CameraActor SpatiallyLoaded:1 Bounds:IsValid=true, Min=(X=-550.000 Y=1800.000 Z=750.000), Max=(X=-550.000 Y=1800.000 Z=750.000) RuntimeGrid:None EditorOnly:0 RuntimeOnly:0 HLODRelevant:0 ListedInSceneOutliner:1 IsMainWorldOnly:0
 |   |   |- Guid:26382EF84D4F83BC97DE1181C7EE6282 BaseClass:/Game/ThirdPerson/Obstacles/BP_Fountain.BP_Fountain_C NativeClass:/Script/Engine.Actor Name:BP_Fountain_C_UAID_18C04DC61B16863D02_1277188505 Label:BP_Fountain SpatiallyLoaded:1 Bounds:IsValid=true, Min=(X=446.000 Y=5156.000 Z=395.393), Max=(X=574.000 Y=5284.000 Z=529.000) RuntimeGrid:None EditorOnly:0 RuntimeOnly:0 HLODRelevant:0 ListedInSceneOutliner:1 IsMainWorldOnly:0
 |   |   |- Guid:2FB58999456391D349DC0F86DAC136ED BaseClass: NativeClass:/Script/Engine.SkyLight Name:SkyLight_1 Label:SkyLight SpatiallyLoaded:0 Bounds:IsValid=true, Min=(X=0.000 Y=0.000 Z=690.000), Max=(X=0.000 Y=0.000 Z=690.000) RuntimeGrid:None EditorOnly:0 RuntimeOnly:0 HLODRelevant:0 ListedInSceneOutliner:1 IsMainWorldOnly:0 FolderPath:Lighting FolderGuid:963EC3EB4002CCE9759E2EBA541A873A
 |   |   |- Guid:316CF2A6494ACA4C0E4180A87D36AB8F BaseClass: NativeClass:/Script/Engine.ExponentialHeightFog Name:ExponentialHeightFog_0 Label:ExponentialHeightFog SpatiallyLoaded:0 Bounds:IsValid=true, Min=(X=-5600.000 Y=-50.000 Z=-6850.000), Max=(X=-5600.000 Y=-50.000 Z=-6850.000) RuntimeGrid:None EditorOnly:0 RuntimeOnly:0 HLODRelevant:0 ListedInSceneOutliner:1 IsMainWorldOnly:0 FolderPath:Lighting FolderGuid:963EC3EB4002CCE9759E2EBA541A873A
 |   |   |- Guid:357BBE45489271D6B9A519B9117B0745 BaseClass: NativeClass:/Script/Engine.StaticMeshActor Name:StaticMeshActor_UAID_18C04DC61B16F53F02_1731871153 Label:Cube SpatiallyLoaded:1 Bounds:IsValid=true, Min=(X=57.721 Y=-862.279 Z=-162.279), Max=(X=902.279 Y=-17.721 Z=682.279) RuntimeGrid:None EditorOnly:0 RuntimeOnly:0 HLODRelevant:1 ListedInSceneOutliner:1 IsMainWorldOnly:0
 |   |   |- Guid:3774DF504686CBF6E5B69ABB51E26DF7 BaseClass: NativeClass:/Script/Engine.StaticMeshActor Name:StaticMeshActor_UAID_18C04DC61B16F53F02_1405998145 Label:Platformer_Bridge_Combined_04 SpatiallyLoaded:1 Bounds:IsValid=true, Min=(X=-130.405 Y=-2660.585 Z=-875.420), Max=(X=2698.617 Y=88.358 Z=5494.632) RuntimeGrid:None EditorOnly:0 RuntimeOnly:0 HLODRelevant:1 ListedInSceneOutliner:1 IsMainWorldOnly:0
 |   |   |- Guid:3A00AA1C422CE54C0BDB60BAF471BFBB BaseClass: NativeClass:/Script/Engine.PlayerStart Name:PlayerStart_0 Label:PlayerStart SpatiallyLoaded:0 Bounds:IsValid=true, Min=(X=470.000 Y=340.000 Z=0.013), Max=(X=550.000 Y=420.000 Z=184.013) RuntimeGrid:None EditorOnly:0 RuntimeOnly:0 HLODRelevant:0 ListedInSceneOutliner:1 IsMainWorldOnly:0
 |   |   |- Guid:4D3BE93F4146AAAC8BBE79999D96D57F BaseClass: NativeClass:/Script/Engine.VolumetricCloud Name:VolumetricCloud_0 Label:VolumetricCloud SpatiallyLoaded:0 Bounds:IsValid=true, Min=(X=0.000 Y=0.000 Z=820.000), Max=(X=0.000 Y=0.000 Z=820.000) RuntimeGrid:None EditorOnly:0 RuntimeOnly:0 HLODRelevant:0 ListedInSceneOutliner:1 IsMainWorldOnly:0 FolderPath:Lighting FolderGuid:963EC3EB4002CCE9759E2EBA541A873A
 |   |   |- Guid:4D635C7F40E2C5CB08DD7A97711AB41C BaseClass:/Game/BluePrints/Enemy.Enemy_C NativeClass:/Script/Engine.Actor Name:Enemy_C_UAID_18C04DC61B16003F02_1413300024 Label:Enemy SpatiallyLoaded:1 Bounds:IsValid=true, Min=(X=485.000 Y=2650.000 Z=-245.000), Max=(X=535.000 Y=2717.500 Z=-195.000) RuntimeGrid:None EditorOnly:0 RuntimeOnly:0 HLODRelevant:0 ListedInSceneOutliner:1 IsMainWorldOnly:0
 |   |   |- Guid:51AC2A5C423646E34A5959AA16A3342A BaseClass:/Game/BluePrints/Enemy.Enemy_C NativeClass:/Script/Engine.Actor Name:Enemy_C_UAID_18C04DC61B16F83F02_1430401710 Label:Enemy3 SpatiallyLoaded:1 Bounds:IsValid=true, Min=(X=485.000 Y=4640.000 Z=937.500), Max=(X=535.000 Y=4690.000 Z=1005.000) RuntimeGrid:None EditorOnly:0 RuntimeOnly:0 HLODRelevant:0 ListedInSceneOutliner:1 IsMainWorldOnly:0
 |   |   |- Guid:5276565D45FBB267035429B2FB8BFBD9 BaseClass:/Game/ThirdPerson/Obstacles/BP_ShowText.BP_ShowText_C NativeClass:/Script/Engine.TriggerBox Name:BP_ShowText_C_UAID_18C04DC61B16F73F02_1114355525 Label:BP_ShowText2 SpatiallyLoaded:1 Bounds:IsValid=true, Min=(X=377.500 Y=3901.250 Z=425.000), Max=(X=662.500 Y=4108.750 Z=675.000) RuntimeGrid:None EditorOnly:0 RuntimeOnly:0 HLODRelevant:0 ListedInSceneOutliner:1 IsMainWorldOnly:0
 |   |   |- Guid:528C56F94D130D6CDA8D67AA6DACC451 BaseClass:/Game/ThirdPerson/Obstacles/BP_movalablePlatform.BP_movalablePlatform_C NativeClass:/Script/Engine.Actor Name:BP_movalablePlatform_C_UAID_18C04DC61B16F83F02_1700340714 Label:BP_movalablePlatform3 SpatiallyLoaded:1 Bounds:IsValid=true, Min=(X=465.000 Y=6020.000 Z=-855.000), Max=(X=665.000 Y=6220.000 Z=385.000) RuntimeGrid:None EditorOnly:0 RuntimeOnly:0 HLODRelevant:0 ListedInSceneOutliner:1 IsMainWorldOnly:0
 |   |   |- Guid:5B97F4A64FB21F77EFC44386BF705B4C BaseClass: NativeClass:/Script/Engine.TextRenderActor Name:TextRenderActor_1 Label:TextRenderActor SpatiallyLoaded:1 Bounds:IsValid=true, Min=(X=-0.100 Y=1100.000 Z=-284.987), Max=(X=-0.100 Y=2392.308 Z=-134.987) RuntimeGrid:None EditorOnly:0 RuntimeOnly:0 HLODRelevant:0 ListedInSceneOutliner:1 IsMainWorldOnly:0
 |   |   |- Guid:5B9E96384EDAB2D34ADB57935D4215CF BaseClass: NativeClass:/Script/Engine.StaticMeshActor Name:StaticMeshActor_UAID_18C04DC61B16F63F02_1187524340 Label:SM_Building_Facade_B_11 SpatiallyLoaded:1 Bounds:IsValid=true, Min=(X=680.000 Y=6110.000 Z=1185.000), Max=(X=680.000 Y=8159.320 Z=3233.001) RuntimeGrid:None EditorOnly:0 RuntimeOnly:0 HLODRelevant:1 ListedInSceneOutliner:1 IsMainWorldOnly:0
 |   |   |- Guid:5E3047DE4F1D217E94279FACF0C55F34 BaseClass: NativeClass:/Script/Engine.StaticMeshActor Name:StaticMeshActor_UAID_18C04DC61B16F63F02_1187517337 Label:SM_Building_Facade_B_8 SpatiallyLoaded:1 Bounds:IsValid=true, Min=(X=680.000 Y=-20.000 Z=1185.000), Max=(X=680.000 Y=2029.320 Z=3233.001) RuntimeGrid:None EditorOnly:0 RuntimeOnly:0 HLODRelevant:1 ListedInSceneOutliner:1 IsMainWorldOnly:0
 |   |   |- Guid:688930D64291BAB99332BEBF25FC6AA1 BaseClass:/Game/BluePrints/Enemy.Enemy_C NativeClass:/Script/Engine.Actor Name:Enemy_C_UAID_18C04DC61B16F83F02_1431776711 Label:Enemy4 SpatiallyLoaded:1 Bounds:IsValid=true, Min=(X=485.000 Y=4740.000 Z=937.500), Max=(X=535.000 Y=4790.000 Z=1005.000) RuntimeGrid:None EditorOnly:0 RuntimeOnly:0 HLODRelevant:0 ListedInSceneOutliner:1 IsMainWorldOnly:0
 |   |   |- Guid:6B97841A4CDE70AD18DA11A1AC41CA03 BaseClass: NativeClass:/Script/Engine.StaticMeshActor Name:StaticMeshActor_UAID_18C04DC61B16F83F02_1489409712 Label:Platformer_Bridge_Combined_5 SpatiallyLoaded:1 Bounds:IsValid=true, Min=(X=-908.617 Y=7941.642 Z=-875.420), Max=(X=1920.405 Y=10690.585 Z=5494.632) RuntimeGrid:None EditorOnly:0 RuntimeOnly:0 HLODRelevant:1 ListedInSceneOutliner:1 IsMainWorldOnly:0
 |   |   |- Guid:6BAF4DDD444C60371492D3919DB42C97 BaseClass: NativeClass:/Script/Engine.WorldDataLayers Name:WorldDataLayers Label:WorldDataLayers SpatiallyLoaded:0 Bounds:Invalid RuntimeGrid:None EditorOnly:0 RuntimeOnly:0 HLODRelevant:0 ListedInSceneOutliner:1 IsMainWorldOnly:1
 |   |   |- Guid:6BF53D2C48FF597B6DCEFE8FF3D404C0 BaseClass: NativeClass:/Script/Engine.TriggerBox Name:TriggerBox_UAID_18C04DC61B166D3A02_1537811930 Label:TriggerBox3 SpatiallyLoaded:1 Bounds:IsValid=true, Min=(X=420.000 Y=2828.235 Z=1330.000), Max=(X=660.000 Y=3461.765 Z=1570.000) RuntimeGrid:None EditorOnly:0 RuntimeOnly:0 HLODRelevant:0 ListedInSceneOutliner:1 IsMainWorldOnly:0
 |   |   |- Guid:6D3713414810ED82FDBE9681F45F699D BaseClass: NativeClass:/Script/Engine.StaticMeshActor Name:StaticMeshActor_UAID_18C04DC61B16F63F02_1187521338 Label:SM_Building_Facade_B_9 SpatiallyLoaded:1 Bounds:IsValid=true, Min=(X=680.000 Y=2025.000 Z=1185.000), Max=(X=680.000 Y=4074.320 Z=3233.001) RuntimeGrid:None EditorOnly:0 RuntimeOnly:0 HLODRelevant:1 ListedInSceneOutliner:1 IsMainWorldOnly:0
 |   |   |- Guid:738E76A343D7C8C7E0B70CBB54A47156 BaseClass:/Game/ThirdPerson/Obstacles/BP_AllowDash.BP_AllowDash_C NativeClass:/Script/Engine.Actor Name:BP_AllowDash_C_UAID_18C04DC61B16853D02_1130525326 Label:BP_AllowDash SpatiallyLoaded:1 Bounds:IsValid=true, Min=(X=478.000 Y=3953.000 Z=453.000), Max=(X=542.000 Y=4017.000 Z=517.000) RuntimeGrid:None EditorOnly:0 RuntimeOnly:0 HLODRelevant:0 ListedInSceneOutliner:1 IsMainWorldOnly:0
 |   |   |- Guid:74D3C8E745F23824D7866DA77817B5F7 BaseClass: NativeClass:/Script/Engine.StaticMeshActor Name:StaticMeshActor_UAID_18C04DC61B16F63F02_1166480335 Label:SM_Building_Facade_B_6 SpatiallyLoaded:1 Bounds:IsValid=true, Min=(X=680.000 Y=4065.000 Z=-860.000), Max=(X=680.000 Y=6114.320 Z=1188.001) RuntimeGrid:None EditorOnly:0 RuntimeOnly:0 HLODRelevant:1 ListedInSceneOutliner:1 IsMainWorldOnly:0
 |   |   |- Guid:76ED459D40C2A6EA2636F180A6C099E5 BaseClass: NativeClass:/Script/Engine.StaticMeshActor Name:StaticMeshActor_UAID_18C04DC61B16F63F02_1147926334 Label:SM_Building_Facade_B_5 SpatiallyLoaded:1 Bounds:IsValid=true, Min=(X=680.000 Y=2025.000 Z=-860.000), Max=(X=680.000 Y=4074.320 Z=1188.001) RuntimeGrid:None EditorOnly:0 RuntimeOnly:0 HLODRelevant:1 ListedInSceneOutliner:1 IsMainWorldOnly:0
 |   |   |- Guid:79B9B4614BE29DFBB48ADCA2CC120B82 BaseClass:/Game/ThirdPerson/Obstacles/BP_movalablePlatform.BP_movalablePlatform_C NativeClass:/Script/Engine.Actor Name:BP_movalablePlatform_C_UAID_18C04DC61B16853D02_1655164328 Label:BP_movalablePlatform SpatiallyLoaded:1 Bounds:IsValid=true, Min=(X=430.000 Y=3945.000 Z=1340.000), Max=(X=630.000 Y=5835.000 Z=1350.000) RuntimeGrid:None EditorOnly:0 RuntimeOnly:0 HLODRelevant:0 ListedInSceneOutliner:1 IsMainWorldOnly:0
 |   |   |- Guid:7B187715422865E275260E9687BB7717 BaseClass: NativeClass:/Script/Engine.StaticMeshActor Name:StaticMeshActor_UAID_18C04DC61B16F63F02_1679094342 Label:SM_Building_Balcony_02 SpatiallyLoaded:1 Bounds:IsValid=true, Min=(X=342.380 Y=3743.238 Z=350.000), Max=(X=680.000 Y=5974.783 Z=514.269) RuntimeGrid:None EditorOnly:0 RuntimeOnly:0 HLODRelevant:1 ListedInSceneOutliner:1 IsMainWorldOnly:0
 |   |   |- Guid:7E397AD8489A81C36C288A9FE2D356C3 BaseClass:/Game/ThirdPerson/Obstacles/BP_SaveG_Trigger.BP_SaveG_Trigger_C NativeClass:/Script/Engine.TriggerBox Name:BP_SaveG_Trigger_C_UAID_18C04DC61B16823D02_1661385791 Label:BP_SaveG_Trigger SpatiallyLoaded:1 Bounds:IsValid=true, Min=(X=380.000 Y=2490.000 Z=410.000), Max=(X=620.000 Y=2730.000 Z=650.000) RuntimeGrid:None EditorOnly:0 RuntimeOnly:0 HLODRelevant:0 ListedInSceneOutliner:1 IsMainWorldOnly:0
 |   |   |- Guid:8425CCCB4CB933FD42F1BA8040C0123B BaseClass: NativeClass:/Script/Engine.StaticMeshActor Name:StaticMeshActor_UAID_18C04DC61B16F73F02_1784230531 Label:SM_Building_Balcony_Support7 SpatiallyLoaded:1 Bounds:IsValid=true, Min=(X=416.568 Y=1695.593 Z=1955.000), Max=(X=680.000 Y=1785.000 Z=2185.461) RuntimeGrid:None EditorOnly:0 RuntimeOnly:0 HLODRelevant:1 ListedInSceneOutliner:1 IsMainWorldOnly:0
 |   |   |- Guid:944249CA4C0AA01B2D9D5697F3EAC697 BaseClass: NativeClass:/Script/Engine.StaticMeshActor Name:StaticMeshActor_UAID_18C04DC61B16F53F02_1349283144 Label:Platformer_Bridge_Combined_02 SpatiallyLoaded:1 Bounds:IsValid=true, Min=(X=-109.110 Y=-28.007 Z=-881.230), Max=(X=1264.943 Y=2774.078 Z=653.568) RuntimeGrid:None EditorOnly:0 RuntimeOnly:0 HLODRelevant:1 ListedInSceneOutliner:1 IsMainWorldOnly:0
 |   |   |- Guid:95656FAC4AD4C08DFE1662ACD8D6CE44 BaseClass: NativeClass:/Script/Engine.TriggerBox Name:TriggerBox_UAID_18C04DC61B166D3A02_1532385929 Label:TriggerBox2 SpatiallyLoaded:1 Bounds:IsValid=true, Min=(X=420.000 Y=2835.772 Z=130.000), Max=(X=660.000 Y=3424.228 Z=370.000) RuntimeGrid:None EditorOnly:0 RuntimeOnly:0 HLODRelevant:0 ListedInSceneOutliner:1 IsMainWorldOnly:0
 |   |   |- Guid:99045ABF4154611A3B6D558610B6FC94 BaseClass: NativeClass:/Script/Engine.StaticMeshActor Name:StaticMeshActor_UAID_18C04DC61B16F83F02_1489412713 Label:Cube2 SpatiallyLoaded:1 Bounds:IsValid=true, Min=(X=57.721 Y=8052.721 Z=-785.863), Max=(X=902.279 Y=8897.279 Z=1305.863) RuntimeGrid:None EditorOnly:0 RuntimeOnly:0 HLODRelevant:1 ListedInSceneOutliner:1 IsMainWorldOnly:0
 |   |   |- Guid:9969E7F9454094E9EAD91883298E7C25 BaseClass:/Game/ThirdPerson/Obstacles/BP_ShowText.BP_ShowText_C NativeClass:/Script/Engine.TriggerBox Name:BP_ShowText_C_UAID_18C04DC61B16F93F02_1285906893 Label:BP_ShowText3 SpatiallyLoaded:1 Bounds:IsValid=true, Min=(X=377.500 Y=876.600 Z=2080.000), Max=(X=662.500 Y=1203.400 Z=2330.000) RuntimeGrid:None EditorOnly:0 RuntimeOnly:0 HLODRelevant:0 ListedInSceneOutliner:1 IsMainWorldOnly:0
 |   |   |- Guid:A79605734ABFAF5A8BD3E1BED0C41069 BaseClass: NativeClass:/Script/Engine.StaticMeshActor Name:StaticMeshActor_UAID_18C04DC61B16F63F02_2090452348 Label:SM_Building_Balcony_2 SpatiallyLoaded:1 Bounds:IsValid=true, Min=(X=344.177 Y=5963.238 Z=1190.000), Max=(X=680.000 Y=6715.369 Z=1354.269) RuntimeGrid:None EditorOnly:0 RuntimeOnly:0 HLODRelevant:1 ListedInSceneOutliner:1 IsMainWorldOnly:0
 |   |   |- Guid:A9D0C2DF47E687CAEADD738792017769 BaseClass:/Game/ThirdPerson/Obstacles/BP_movalablePlatform.BP_movalablePlatform_C NativeClass:/Script/Engine.Actor Name:BP_movalablePlatform_C_UAID_18C04DC61B16F73F02_1746314529 Label:BP_movalablePlatform2 SpatiallyLoaded:1 Bounds:IsValid=true, Min=(X=465.000 Y=2535.000 Z=1455.000), Max=(X=665.000 Y=2735.000 Z=2000.000) RuntimeGrid:None EditorOnly:0 RuntimeOnly:0 HLODRelevant:0 ListedInSceneOutliner:1 IsMainWorldOnly:0
 |   |   |- Guid:AAB2799C42FBB026F26BC5A2B1EBA6CA BaseClass: NativeClass:/Script/Engine.StaticMeshActor Name:StaticMeshActor_UAID_18C04DC61B16F63F02_1166483336 Label:SM_Building_Facade_B_7 SpatiallyLoaded:1 Bounds:IsValid=true, Min=(X=680.000 Y=6110.000 Z=-860.000), Max=(X=680.000 Y=8159.320 Z=1188.001) RuntimeGrid:None EditorOnly:0 RuntimeOnly:0 HLODRelevant:1 ListedInSceneOutliner:1 IsMainWorldOnly:0
 |   |   |- Guid:B214189147D32E3BBF479BAD4AF32D9B BaseClass: NativeClass:/Script/Engine.StaticMeshActor Name:StaticMeshActor_UAID_18C04DC61B16F73F02_1581900527 Label:SM_Building_Balcony_Support5 SpatiallyLoaded:1 Bounds:IsValid=true, Min=(X=416.568 Y=3690.593 Z=1275.000), Max=(X=680.000 Y=3780.000 Z=1505.461) RuntimeGrid:None EditorOnly:0 RuntimeOnly:0 HLODRelevant:1 ListedInSceneOutliner:1 IsMainWorldOnly:0
 |   |   |- Guid:B33EC37D4B050C757310E6A68CB0B077 BaseClass: NativeClass:/Script/Engine.StaticMeshActor Name:StaticMeshActor_UAID_18C04DC61B16F63F02_1734208344 Label:car_02_Start SpatiallyLoaded:1 Bounds:IsValid=true, Min=(X=385.677 Y=2692.242 Z=-859.801), Max=(X=684.631 Y=3351.895 Z=-599.935) RuntimeGrid:None EditorOnly:0 RuntimeOnly:0 HLODRelevant:1 ListedInSceneOutliner:1 IsMainWorldOnly:0
 |   |   |- Guid:B785ED2844B84CFB91E7F39FE661CD99 BaseClass: NativeClass:/Script/Engine.DirectionalLight Name:DirectionalLight_0 Label:DirectionalLight SpatiallyLoaded:0 Bounds:Invalid RuntimeGrid:None EditorOnly:0 RuntimeOnly:0 HLODRelevant:0 ListedInSceneOutliner:1 IsMainWorldOnly:0 FolderPath:Lighting FolderGuid:963EC3EB4002CCE9759E2EBA541A873A
 |   |   |- Guid:BE03A22043034B082C77ADA4A011F290 BaseClass: NativeClass:/Script/Engine.StaticMeshActor Name:StaticMeshActor_UAID_18C04DC61B16F73F02_1596328528 Label:SM_Building_Balcony_3 SpatiallyLoaded:1 Bounds:IsValid=true, Min=(X=344.177 Y=2773.238 Z=1225.000), Max=(X=680.000 Y=3525.369 Z=1389.269) RuntimeGrid:None EditorOnly:0 RuntimeOnly:0 HLODRelevant:1 ListedInSceneOutliner:1 IsMainWorldOnly:0
 |   |   |- Guid:C20E7C0D4EAF97179BF2E69FBD92DC8C BaseClass: NativeClass:/Script/Engine.StaticMeshActor Name:StaticMeshActor_UAID_18C04DC61B16F63F02_1205251341 Label:SM_Floor03 SpatiallyLoaded:1 Bounds:IsValid=true, Min=(X=-856.984 Y=-665.384 Z=-1573.691), Max=(X=1124.421 Y=8147.987 Z=-755.591) RuntimeGrid:None EditorOnly:0 RuntimeOnly:0 HLODRelevant:1 ListedInSceneOutliner:1 IsMainWorldOnly:0
 |   |   |- Guid:C46FA2BC486205B5B93C5C97D870BD24 BaseClass: NativeClass:/Script/Engine.StaticMeshActor Name:StaticMeshActor_UAID_18C04DC61B16F73F02_1477088526 Label:SM_Building_Balcony_Support4 SpatiallyLoaded:1 Bounds:IsValid=true, Min=(X=416.568 Y=3590.593 Z=290.000), Max=(X=680.000 Y=3680.000 Z=520.461) RuntimeGrid:None EditorOnly:0 RuntimeOnly:0 HLODRelevant:1 ListedInSceneOutliner:1 IsMainWorldOnly:0
 |   |   |- Guid:CCFF262C46EEFFDF319E7F9539CE697E BaseClass: NativeClass:/Script/Engine.SkyAtmosphere Name:SkyAtmosphere_0 Label:SkyAtmosphere SpatiallyLoaded:0 Bounds:IsValid=true, Min=(X=0.000 Y=0.000 Z=1020.000), Max=(X=0.000 Y=0.000 Z=1020.000) RuntimeGrid:None EditorOnly:0 RuntimeOnly:0 HLODRelevant:0 ListedInSceneOutliner:1 IsMainWorldOnly:0 FolderPath:Lighting FolderGuid:963EC3EB4002CCE9759E2EBA541A873A
 |   |   |- Guid:D5BEECB549FEE97D0AC19DA5941A93A3 BaseClass:/Game/BluePrints/Enemy.Enemy_C NativeClass:/Script/Engine.Actor Name:Enemy_C_UAID_18C04DC61B16F83F02_1420475709 Label:Enemy2 SpatiallyLoaded:1 Bounds:IsValid=true, Min=(X=485.000 Y=4545.000 Z=937.500), Max=(X=535.000 Y=4595.000 Z=1005.000) RuntimeGrid:None EditorOnly:0 RuntimeOnly:0 HLODRelevant:0 ListedInSceneOutliner:1 IsMainWorldOnly:0
 |   |   |- Guid:DB1181234419A86C01CAC093335B868A BaseClass:/Game/ThirdPerson/Obstacles/BP_ShowText.BP_ShowText_C NativeClass:/Script/Engine.TriggerBox Name:BP_ShowText_C_UAID_18C04DC61B16843D02_1247890145 Label:BP_ShowText SpatiallyLoaded:1 Bounds:IsValid=true, Min=(X=377.500 Y=1891.250 Z=5.000), Max=(X=662.500 Y=2098.750 Z=255.000) RuntimeGrid:None EditorOnly:0 RuntimeOnly:0 HLODRelevant:0 ListedInSceneOutliner:1 IsMainWorldOnly:0
 |   |   |- Guid:EC4E0C944CE6AC6E784BC6BB2916EA13 BaseClass: NativeClass:/Script/Engine.StaticMeshActor Name:StaticMeshActor_UAID_A4AE111137DC5EFB00_1110535423 Label:SM_SkySphere SpatiallyLoaded:0 Bounds:IsValid=true, Min=(X=-1638400.000 Y=-1638400.000 Z=-1638400.000), Max=(X=1638400.000 Y=1638400.000 Z=1638400.000) RuntimeGrid:None EditorOnly:0 RuntimeOnly:0 HLODRelevant:0 ListedInSceneOutliner:1 IsMainWorldOnly:0 FolderPath:Lighting FolderGuid:963EC3EB4002CCE9759E2EBA541A873A
 |   |   |- Guid:F24D7D2D476A0E5649B1D0848FC0F779 BaseClass:/Game/ThirdPerson/Obstacles/BP_PlayAnim.BP_PlayAnim_C NativeClass:/Script/Engine.TriggerBox Name:BP_PlayAnim_C_UAID_18C04DC61B16F93F02_1261474892 Label:BP_PlayAnim2 SpatiallyLoaded:1 Bounds:IsValid=true, Min=(X=430.000 Y=829.010 Z=2105.000), Max=(X=590.000 Y=1220.990 Z=2265.000) RuntimeGrid:None EditorOnly:0 RuntimeOnly:0 HLODRelevant:0 ListedInSceneOutliner:1 IsMainWorldOnly:0
 |   |   |- Guid:F5E3FEB3450C49844FD93DA8E083C8AD BaseClass: NativeClass:/Script/Engine.PostProcessVolume Name:PostProcessVolume_0 Label:PostProcessVolume SpatiallyLoaded:0 Bounds:IsValid=true, Min=(X=0.000 Y=0.000 Z=400.000), Max=(X=200.000 Y=200.000 Z=600.000) RuntimeGrid:None EditorOnly:0 RuntimeOnly:0 HLODRelevant:0 ListedInSceneOutliner:1 IsMainWorldOnly:0 FolderPath:Lighting FolderGuid:963EC3EB4002CCE9759E2EBA541A873A
 |   |   |- Guid:F672A3BF4D394ACC4D7A8FB118A6636B BaseClass: NativeClass:/Script/Engine.StaticMeshActor Name:StaticMeshActor_UAID_18C04DC61B16F73F02_1781256530 Label:SM_Building_Balcony_Support6 SpatiallyLoaded:1 Bounds:IsValid=true, Min=(X=416.568 Y=2250.593 Z=1955.000), Max=(X=680.000 Y=2340.000 Z=2185.461) RuntimeGrid:None EditorOnly:0 RuntimeOnly:0 HLODRelevant:1 ListedInSceneOutliner:1 IsMainWorldOnly:0
 |   |   |- Guid:F7B2AC60460204CF1F7DF4AAF7EB96F5 BaseClass: NativeClass:/Script/Engine.StaticMeshActor Name:StaticMeshActor_UAID_18C04DC61B16F83F02_1325484708 Label:SM_Building_Balcony_4 SpatiallyLoaded:1 Bounds:IsValid=true, Min=(X=344.177 Y=628.238 Z=2015.000), Max=(X=680.000 Y=1380.369 Z=2179.269) RuntimeGrid:None EditorOnly:0 RuntimeOnly:0 HLODRelevant:1 ListedInSceneOutliner:1 IsMainWorldOnly:0
 |   |- [+] Clusters:
 |   |   |- [+] [  0]
 |   |   |   |- Guid:0697A46A41E8282C158C7AA9A83AC7DB BaseClass:/Game/ThirdPerson/Obstacles/BP_AllowDobuleJump.BP_AllowDobuleJump_C NativeClass:/Script/Engine.Actor Name:BP_AllowDobuleJump_C_UAID_18C04DC61B16833D02_2026429968 Label:BP_AllowDobuleJump SpatiallyLoaded:1 Bounds:IsValid=true, Min=(X=478.000 Y=1953.000 Z=8.000), Max=(X=542.000 Y=2017.000 Z=72.000) RuntimeGrid:None EditorOnly:0 RuntimeOnly:0 HLODRelevant:0 ListedInSceneOutliner:1 IsMainWorldOnly:0
 |   |   |- [+] [  1]
 |   |   |   |- Guid:07E165CD4173A835C6C83C931BD29F9F BaseClass: NativeClass:/Script/Engine.StaticMeshActor Name:StaticMeshActor_UAID_18C04DC61B16F63F02_1187523339 Label:SM_Building_Facade_B_10 SpatiallyLoaded:1 Bounds:IsValid=true, Min=(X=680.000 Y=4065.000 Z=1185.000), Max=(X=680.000 Y=6114.320 Z=3233.001) RuntimeGrid:None EditorOnly:0 RuntimeOnly:0 HLODRelevant:1 ListedInSceneOutliner:1 IsMainWorldOnly:0
 |   |   |- [+] [  2]
 |   |   |   |- Guid:0E2F60D24C5C29366A503E8611C63C02 BaseClass: NativeClass:/Script/Engine.StaticMeshActor Name:StaticMeshActor_UAID_18C04DC61B16F53F02_1656134152 Label:SM_Building_Balcony_01 SpatiallyLoaded:1 Bounds:IsValid=true, Min=(X=344.177 Y=2773.238 Z=70.000), Max=(X=680.000 Y=3525.369 Z=234.269) RuntimeGrid:None EditorOnly:0 RuntimeOnly:0 HLODRelevant:1 ListedInSceneOutliner:1 IsMainWorldOnly:0
 |   |   |- [+] [  3]
 |   |   |   |- Guid:139DE92E4C156A9725B5A28446A98222 BaseClass: NativeClass:/Script/Engine.TriggerBox Name:TriggerBox_UAID_18C04DC61B166D3A02_1238184928 Label:TriggerBox SpatiallyLoaded:1 Bounds:IsValid=true, Min=(X=420.000 Y=600.000 Z=-0.000), Max=(X=660.000 Y=840.000 Z=240.000) RuntimeGrid:None EditorOnly:0 RuntimeOnly:0 HLODRelevant:0 ListedInSceneOutliner:1 IsMainWorldOnly:0
 |   |   |- [+] [  4]
 |   |   |   |- Guid:167C37B54AA2A2875A5A9B8428669543 BaseClass: NativeClass:/Script/Engine.StaticMeshActor Name:StaticMeshActor_UAID_18C04DC61B16F63F02_1102968333 Label:SM_Building_Facade_B_04 SpatiallyLoaded:1 Bounds:IsValid=true, Min=(X=680.000 Y=-20.000 Z=-860.000), Max=(X=680.000 Y=2029.320 Z=1188.001) RuntimeGrid:None EditorOnly:0 RuntimeOnly:0 HLODRelevant:1 ListedInSceneOutliner:1 IsMainWorldOnly:0
 |   |   |- [+] [  5]
 |   |   |   |- Guid:21A19E9B4167A1940FA0E6BA8A1F9828 BaseClass: NativeClass:/Script/Engine.CameraActor Name:CameraActor_UAID_18C04DC61B166D3A02_1141421927 Label:CameraActor SpatiallyLoaded:1 Bounds:IsValid=true, Min=(X=-550.000 Y=1800.000 Z=750.000), Max=(X=-550.000 Y=1800.000 Z=750.000) RuntimeGrid:None EditorOnly:0 RuntimeOnly:0 HLODRelevant:0 ListedInSceneOutliner:1 IsMainWorldOnly:0
 |   |   |- [+] [  6]
 |   |   |   |- Guid:26382EF84D4F83BC97DE1181C7EE6282 BaseClass:/Game/ThirdPerson/Obstacles/BP_Fountain.BP_Fountain_C NativeClass:/Script/Engine.Actor Name:BP_Fountain_C_UAID_18C04DC61B16863D02_1277188505 Label:BP_Fountain SpatiallyLoaded:1 Bounds:IsValid=true, Min=(X=446.000 Y=5156.000 Z=395.393), Max=(X=574.000 Y=5284.000 Z=529.000) RuntimeGrid:None EditorOnly:0 RuntimeOnly:0 HLODRelevant:0 ListedInSceneOutliner:1 IsMainWorldOnly:0
 |   |   |- [+] [  7]
 |   |   |   |- Guid:2FB58999456391D349DC0F86DAC136ED BaseClass: NativeClass:/Script/Engine.SkyLight Name:SkyLight_1 Label:SkyLight SpatiallyLoaded:0 Bounds:IsValid=true, Min=(X=0.000 Y=0.000 Z=690.000), Max=(X=0.000 Y=0.000 Z=690.000) RuntimeGrid:None EditorOnly:0 RuntimeOnly:0 HLODRelevant:0 ListedInSceneOutliner:1 IsMainWorldOnly:0 FolderPath:Lighting FolderGuid:963EC3EB4002CCE9759E2EBA541A873A
 |   |   |- [+] [  8]
 |   |   |   |- Guid:316CF2A6494ACA4C0E4180A87D36AB8F BaseClass: NativeClass:/Script/Engine.ExponentialHeightFog Name:ExponentialHeightFog_0 Label:ExponentialHeightFog SpatiallyLoaded:0 Bounds:IsValid=true, Min=(X=-5600.000 Y=-50.000 Z=-6850.000), Max=(X=-5600.000 Y=-50.000 Z=-6850.000) RuntimeGrid:None EditorOnly:0 RuntimeOnly:0 HLODRelevant:0 ListedInSceneOutliner:1 IsMainWorldOnly:0 FolderPath:Lighting FolderGuid:963EC3EB4002CCE9759E2EBA541A873A
 |   |   |- [+] [  9]
 |   |   |   |- Guid:357BBE45489271D6B9A519B9117B0745 BaseClass: NativeClass:/Script/Engine.StaticMeshActor Name:StaticMeshActor_UAID_18C04DC61B16F53F02_1731871153 Label:Cube SpatiallyLoaded:1 Bounds:IsValid=true, Min=(X=57.721 Y=-862.279 Z=-162.279), Max=(X=902.279 Y=-17.721 Z=682.279) RuntimeGrid:None EditorOnly:0 RuntimeOnly:0 HLODRelevant:1 ListedInSceneOutliner:1 IsMainWorldOnly:0
 |   |   |- [+] [ 10]
 |   |   |   |- Guid:3774DF504686CBF6E5B69ABB51E26DF7 BaseClass: NativeClass:/Script/Engine.StaticMeshActor Name:StaticMeshActor_UAID_18C04DC61B16F53F02_1405998145 Label:Platformer_Bridge_Combined_04 SpatiallyLoaded:1 Bounds:IsValid=true, Min=(X=-130.405 Y=-2660.585 Z=-875.420), Max=(X=2698.617 Y=88.358 Z=5494.632) RuntimeGrid:None EditorOnly:0 RuntimeOnly:0 HLODRelevant:1 ListedInSceneOutliner:1 IsMainWorldOnly:0
 |   |   |- [+] [ 11]
 |   |   |   |- Guid:3A00AA1C422CE54C0BDB60BAF471BFBB BaseClass: NativeClass:/Script/Engine.PlayerStart Name:PlayerStart_0 Label:PlayerStart SpatiallyLoaded:0 Bounds:IsValid=true, Min=(X=470.000 Y=340.000 Z=0.013), Max=(X=550.000 Y=420.000 Z=184.013) RuntimeGrid:None EditorOnly:0 RuntimeOnly:0 HLODRelevant:0 ListedInSceneOutliner:1 IsMainWorldOnly:0
 |   |   |- [+] [ 12]
 |   |   |   |- Guid:4D3BE93F4146AAAC8BBE79999D96D57F BaseClass: NativeClass:/Script/Engine.VolumetricCloud Name:VolumetricCloud_0 Label:VolumetricCloud SpatiallyLoaded:0 Bounds:IsValid=true, Min=(X=0.000 Y=0.000 Z=820.000), Max=(X=0.000 Y=0.000 Z=820.000) RuntimeGrid:None EditorOnly:0 RuntimeOnly:0 HLODRelevant:0 ListedInSceneOutliner:1 IsMainWorldOnly:0 FolderPath:Lighting FolderGuid:963EC3EB4002CCE9759E2EBA541A873A
 |   |   |- [+] [ 13]
 |   |   |   |- Guid:4D635C7F40E2C5CB08DD7A97711AB41C BaseClass:/Game/BluePrints/Enemy.Enemy_C NativeClass:/Script/Engine.Actor Name:Enemy_C_UAID_18C04DC61B16003F02_1413300024 Label:Enemy SpatiallyLoaded:1 Bounds:IsValid=true, Min=(X=485.000 Y=2650.000 Z=-245.000), Max=(X=535.000 Y=2717.500 Z=-195.000) RuntimeGrid:None EditorOnly:0 RuntimeOnly:0 HLODRelevant:0 ListedInSceneOutliner:1 IsMainWorldOnly:0
 |   |   |- [+] [ 14]
 |   |   |   |- Guid:51AC2A5C423646E34A5959AA16A3342A BaseClass:/Game/BluePrints/Enemy.Enemy_C NativeClass:/Script/Engine.Actor Name:Enemy_C_UAID_18C04DC61B16F83F02_1430401710 Label:Enemy3 SpatiallyLoaded:1 Bounds:IsValid=true, Min=(X=485.000 Y=4640.000 Z=937.500), Max=(X=535.000 Y=4690.000 Z=1005.000) RuntimeGrid:None EditorOnly:0 RuntimeOnly:0 HLODRelevant:0 ListedInSceneOutliner:1 IsMainWorldOnly:0
 |   |   |- [+] [ 15]
 |   |   |   |- Guid:5276565D45FBB267035429B2FB8BFBD9 BaseClass:/Game/ThirdPerson/Obstacles/BP_ShowText.BP_ShowText_C NativeClass:/Script/Engine.TriggerBox Name:BP_ShowText_C_UAID_18C04DC61B16F73F02_1114355525 Label:BP_ShowText2 SpatiallyLoaded:1 Bounds:IsValid=true, Min=(X=377.500 Y=3901.250 Z=425.000), Max=(X=662.500 Y=4108.750 Z=675.000) RuntimeGrid:None EditorOnly:0 RuntimeOnly:0 HLODRelevant:0 ListedInSceneOutliner:1 IsMainWorldOnly:0
 |   |   |- [+] [ 16]
 |   |   |   |- Guid:528C56F94D130D6CDA8D67AA6DACC451 BaseClass:/Game/ThirdPerson/Obstacles/BP_movalablePlatform.BP_movalablePlatform_C NativeClass:/Script/Engine.Actor Name:BP_movalablePlatform_C_UAID_18C04DC61B16F83F02_1700340714 Label:BP_movalablePlatform3 SpatiallyLoaded:1 Bounds:IsValid=true, Min=(X=465.000 Y=6020.000 Z=-855.000), Max=(X=665.000 Y=6220.000 Z=385.000) RuntimeGrid:None EditorOnly:0 RuntimeOnly:0 HLODRelevant:0 ListedInSceneOutliner:1 IsMainWorldOnly:0
 |   |   |- [+] [ 17]
 |   |   |   |- Guid:5B97F4A64FB21F77EFC44386BF705B4C BaseClass: NativeClass:/Script/Engine.TextRenderActor Name:TextRenderActor_1 Label:TextRenderActor SpatiallyLoaded:1 Bounds:IsValid=true, Min=(X=-0.100 Y=1100.000 Z=-284.987), Max=(X=-0.100 Y=2392.308 Z=-134.987) RuntimeGrid:None EditorOnly:0 RuntimeOnly:0 HLODRelevant:0 ListedInSceneOutliner:1 IsMainWorldOnly:0
 |   |   |- [+] [ 18]
 |   |   |   |- Guid:5B9E96384EDAB2D34ADB57935D4215CF BaseClass: NativeClass:/Script/Engine.StaticMeshActor Name:StaticMeshActor_UAID_18C04DC61B16F63F02_1187524340 Label:SM_Building_Facade_B_11 SpatiallyLoaded:1 Bounds:IsValid=true, Min=(X=680.000 Y=6110.000 Z=1185.000), Max=(X=680.000 Y=8159.320 Z=3233.001) RuntimeGrid:None EditorOnly:0 RuntimeOnly:0 HLODRelevant:1 ListedInSceneOutliner:1 IsMainWorldOnly:0
 |   |   |- [+] [ 19]
 |   |   |   |- Guid:5E3047DE4F1D217E94279FACF0C55F34 BaseClass: NativeClass:/Script/Engine.StaticMeshActor Name:StaticMeshActor_UAID_18C04DC61B16F63F02_1187517337 Label:SM_Building_Facade_B_8 SpatiallyLoaded:1 Bounds:IsValid=true, Min=(X=680.000 Y=-20.000 Z=1185.000), Max=(X=680.000 Y=2029.320 Z=3233.001) RuntimeGrid:None EditorOnly:0 RuntimeOnly:0 HLODRelevant:1 ListedInSceneOutliner:1 IsMainWorldOnly:0
 |   |   |- [+] [ 20]
 |   |   |   |- Guid:688930D64291BAB99332BEBF25FC6AA1 BaseClass:/Game/BluePrints/Enemy.Enemy_C NativeClass:/Script/Engine.Actor Name:Enemy_C_UAID_18C04DC61B16F83F02_1431776711 Label:Enemy4 SpatiallyLoaded:1 Bounds:IsValid=true, Min=(X=485.000 Y=4740.000 Z=937.500), Max=(X=535.000 Y=4790.000 Z=1005.000) RuntimeGrid:None EditorOnly:0 RuntimeOnly:0 HLODRelevant:0 ListedInSceneOutliner:1 IsMainWorldOnly:0
 |   |   |- [+] [ 21]
 |   |   |   |- Guid:6B97841A4CDE70AD18DA11A1AC41CA03 BaseClass: NativeClass:/Script/Engine.StaticMeshActor Name:StaticMeshActor_UAID_18C04DC61B16F83F02_1489409712 Label:Platformer_Bridge_Combined_5 SpatiallyLoaded:1 Bounds:IsValid=true, Min=(X=-908.617 Y=7941.642 Z=-875.420), Max=(X=1920.405 Y=10690.585 Z=5494.632) RuntimeGrid:None EditorOnly:0 RuntimeOnly:0 HLODRelevant:1 ListedInSceneOutliner:1 IsMainWorldOnly:0
 |   |   |- [+] [ 22]
 |   |   |   |- Guid:6BAF4DDD444C60371492D3919DB42C97 BaseClass: NativeClass:/Script/Engine.WorldDataLayers Name:WorldDataLayers Label:WorldDataLayers SpatiallyLoaded:0 Bounds:Invalid RuntimeGrid:None EditorOnly:0 RuntimeOnly:0 HLODRelevant:0 ListedInSceneOutliner:1 IsMainWorldOnly:1
 |   |   |- [+] [ 23]
 |   |   |   |- Guid:6BF53D2C48FF597B6DCEFE8FF3D404C0 BaseClass: NativeClass:/Script/Engine.TriggerBox Name:TriggerBox_UAID_18C04DC61B166D3A02_1537811930 Label:TriggerBox3 SpatiallyLoaded:1 Bounds:IsValid=true, Min=(X=420.000 Y=2828.235 Z=1330.000), Max=(X=660.000 Y=3461.765 Z=1570.000) RuntimeGrid:None EditorOnly:0 RuntimeOnly:0 HLODRelevant:0 ListedInSceneOutliner:1 IsMainWorldOnly:0
 |   |   |- [+] [ 24]
 |   |   |   |- Guid:6D3713414810ED82FDBE9681F45F699D BaseClass: NativeClass:/Script/Engine.StaticMeshActor Name:StaticMeshActor_UAID_18C04DC61B16F63F02_1187521338 Label:SM_Building_Facade_B_9 SpatiallyLoaded:1 Bounds:IsValid=true, Min=(X=680.000 Y=2025.000 Z=1185.000), Max=(X=680.000 Y=4074.320 Z=3233.001) RuntimeGrid:None EditorOnly:0 RuntimeOnly:0 HLODRelevant:1 ListedInSceneOutliner:1 IsMainWorldOnly:0
 |   |   |- [+] [ 25]
 |   |   |   |- Guid:738E76A343D7C8C7E0B70CBB54A47156 BaseClass:/Game/ThirdPerson/Obstacles/BP_AllowDash.BP_AllowDash_C NativeClass:/Script/Engine.Actor Name:BP_AllowDash_C_UAID_18C04DC61B16853D02_1130525326 Label:BP_AllowDash SpatiallyLoaded:1 Bounds:IsValid=true, Min=(X=478.000 Y=3953.000 Z=453.000), Max=(X=542.000 Y=4017.000 Z=517.000) RuntimeGrid:None EditorOnly:0 RuntimeOnly:0 HLODRelevant:0 ListedInSceneOutliner:1 IsMainWorldOnly:0
 |   |   |- [+] [ 26]
 |   |   |   |- Guid:74D3C8E745F23824D7866DA77817B5F7 BaseClass: NativeClass:/Script/Engine.StaticMeshActor Name:StaticMeshActor_UAID_18C04DC61B16F63F02_1166480335 Label:SM_Building_Facade_B_6 SpatiallyLoaded:1 Bounds:IsValid=true, Min=(X=680.000 Y=4065.000 Z=-860.000), Max=(X=680.000 Y=6114.320 Z=1188.001) RuntimeGrid:None EditorOnly:0 RuntimeOnly:0 HLODRelevant:1 ListedInSceneOutliner:1 IsMainWorldOnly:0
 |   |   |- [+] [ 27]
 |   |   |   |- Guid:76ED459D40C2A6EA2636F180A6C099E5 BaseClass: NativeClass:/Script/Engine.StaticMeshActor Name:StaticMeshActor_UAID_18C04DC61B16F63F02_1147926334 Label:SM_Building_Facade_B_5 SpatiallyLoaded:1 Bounds:IsValid=true, Min=(X=680.000 Y=2025.000 Z=-860.000), Max=(X=680.000 Y=4074.320 Z=1188.001) RuntimeGrid:None EditorOnly:0 RuntimeOnly:0 HLODRelevant:1 ListedInSceneOutliner:1 IsMainWorldOnly:0
 |   |   |- [+] [ 28]
 |   |   |   |- Guid:79B9B4614BE29DFBB48ADCA2CC120B82 BaseClass:/Game/ThirdPerson/Obstacles/BP_movalablePlatform.BP_movalablePlatform_C NativeClass:/Script/Engine.Actor Name:BP_movalablePlatform_C_UAID_18C04DC61B16853D02_1655164328 Label:BP_movalablePlatform SpatiallyLoaded:1 Bounds:IsValid=true, Min=(X=430.000 Y=3945.000 Z=1340.000), Max=(X=630.000 Y=5835.000 Z=1350.000) RuntimeGrid:None EditorOnly:0 RuntimeOnly:0 HLODRelevant:0 ListedInSceneOutliner:1 IsMainWorldOnly:0
 |   |   |- [+] [ 29]
 |   |   |   |- Guid:7B187715422865E275260E9687BB7717 BaseClass: NativeClass:/Script/Engine.StaticMeshActor Name:StaticMeshActor_UAID_18C04DC61B16F63F02_1679094342 Label:SM_Building_Balcony_02 SpatiallyLoaded:1 Bounds:IsValid=true, Min=(X=342.380 Y=3743.238 Z=350.000), Max=(X=680.000 Y=5974.783 Z=514.269) RuntimeGrid:None EditorOnly:0 RuntimeOnly:0 HLODRelevant:1 ListedInSceneOutliner:1 IsMainWorldOnly:0
 |   |   |- [+] [ 30]
 |   |   |   |- Guid:7E397AD8489A81C36C288A9FE2D356C3 BaseClass:/Game/ThirdPerson/Obstacles/BP_SaveG_Trigger.BP_SaveG_Trigger_C NativeClass:/Script/Engine.TriggerBox Name:BP_SaveG_Trigger_C_UAID_18C04DC61B16823D02_1661385791 Label:BP_SaveG_Trigger SpatiallyLoaded:1 Bounds:IsValid=true, Min=(X=380.000 Y=2490.000 Z=410.000), Max=(X=620.000 Y=2730.000 Z=650.000) RuntimeGrid:None EditorOnly:0 RuntimeOnly:0 HLODRelevant:0 ListedInSceneOutliner:1 IsMainWorldOnly:0
 |   |   |- [+] [ 31]
 |   |   |   |- Guid:8425CCCB4CB933FD42F1BA8040C0123B BaseClass: NativeClass:/Script/Engine.StaticMeshActor Name:StaticMeshActor_UAID_18C04DC61B16F73F02_1784230531 Label:SM_Building_Balcony_Support7 SpatiallyLoaded:1 Bounds:IsValid=true, Min=(X=416.568 Y=1695.593 Z=1955.000), Max=(X=680.000 Y=1785.000 Z=2185.461) RuntimeGrid:None EditorOnly:0 RuntimeOnly:0 HLODRelevant:1 ListedInSceneOutliner:1 IsMainWorldOnly:0
 |   |   |- [+] [ 32]
 |   |   |   |- Guid:944249CA4C0AA01B2D9D5697F3EAC697 BaseClass: NativeClass:/Script/Engine.StaticMeshActor Name:StaticMeshActor_UAID_18C04DC61B16F53F02_1349283144 Label:Platformer_Bridge_Combined_02 SpatiallyLoaded:1 Bounds:IsValid=true, Min=(X=-109.110 Y=-28.007 Z=-881.230), Max=(X=1264.943 Y=2774.078 Z=653.568) RuntimeGrid:None EditorOnly:0 RuntimeOnly:0 HLODRelevant:1 ListedInSceneOutliner:1 IsMainWorldOnly:0
 |   |   |- [+] [ 33]
 |   |   |   |- Guid:95656FAC4AD4C08DFE1662ACD8D6CE44 BaseClass: NativeClass:/Script/Engine.TriggerBox Name:TriggerBox_UAID_18C04DC61B166D3A02_1532385929 Label:TriggerBox2 SpatiallyLoaded:1 Bounds:IsValid=true, Min=(X=420.000 Y=2835.772 Z=130.000), Max=(X=660.000 Y=3424.228 Z=370.000) RuntimeGrid:None EditorOnly:0 RuntimeOnly:0 HLODRelevant:0 ListedInSceneOutliner:1 IsMainWorldOnly:0
 |   |   |- [+] [ 34]
 |   |   |   |- Guid:99045ABF4154611A3B6D558610B6FC94 BaseClass: NativeClass:/Script/Engine.StaticMeshActor Name:StaticMeshActor_UAID_18C04DC61B16F83F02_1489412713 Label:Cube2 SpatiallyLoaded:1 Bounds:IsValid=true, Min=(X=57.721 Y=8052.721 Z=-785.863), Max=(X=902.279 Y=8897.279 Z=1305.863) RuntimeGrid:None EditorOnly:0 RuntimeOnly:0 HLODRelevant:1 ListedInSceneOutliner:1 IsMainWorldOnly:0
 |   |   |- [+] [ 35]
 |   |   |   |- Guid:9969E7F9454094E9EAD91883298E7C25 BaseClass:/Game/ThirdPerson/Obstacles/BP_ShowText.BP_ShowText_C NativeClass:/Script/Engine.TriggerBox Name:BP_ShowText_C_UAID_18C04DC61B16F93F02_1285906893 Label:BP_ShowText3 SpatiallyLoaded:1 Bounds:IsValid=true, Min=(X=377.500 Y=876.600 Z=2080.000), Max=(X=662.500 Y=1203.400 Z=2330.000) RuntimeGrid:None EditorOnly:0 RuntimeOnly:0 HLODRelevant:0 ListedInSceneOutliner:1 IsMainWorldOnly:0
 |   |   |- [+] [ 36]
 |   |   |   |- Guid:A79605734ABFAF5A8BD3E1BED0C41069 BaseClass: NativeClass:/Script/Engine.StaticMeshActor Name:StaticMeshActor_UAID_18C04DC61B16F63F02_2090452348 Label:SM_Building_Balcony_2 SpatiallyLoaded:1 Bounds:IsValid=true, Min=(X=344.177 Y=5963.238 Z=1190.000), Max=(X=680.000 Y=6715.369 Z=1354.269) RuntimeGrid:None EditorOnly:0 RuntimeOnly:0 HLODRelevant:1 ListedInSceneOutliner:1 IsMainWorldOnly:0
 |   |   |- [+] [ 37]
 |   |   |   |- Guid:A9D0C2DF47E687CAEADD738792017769 BaseClass:/Game/ThirdPerson/Obstacles/BP_movalablePlatform.BP_movalablePlatform_C NativeClass:/Script/Engine.Actor Name:BP_movalablePlatform_C_UAID_18C04DC61B16F73F02_1746314529 Label:BP_movalablePlatform2 SpatiallyLoaded:1 Bounds:IsValid=true, Min=(X=465.000 Y=2535.000 Z=1455.000), Max=(X=665.000 Y=2735.000 Z=2000.000) RuntimeGrid:None EditorOnly:0 RuntimeOnly:0 HLODRelevant:0 ListedInSceneOutliner:1 IsMainWorldOnly:0
 |   |   |- [+] [ 38]
 |   |   |   |- Guid:AAB2799C42FBB026F26BC5A2B1EBA6CA BaseClass: NativeClass:/Script/Engine.StaticMeshActor Name:StaticMeshActor_UAID_18C04DC61B16F63F02_1166483336 Label:SM_Building_Facade_B_7 SpatiallyLoaded:1 Bounds:IsValid=true, Min=(X=680.000 Y=6110.000 Z=-860.000), Max=(X=680.000 Y=8159.320 Z=1188.001) RuntimeGrid:None EditorOnly:0 RuntimeOnly:0 HLODRelevant:1 ListedInSceneOutliner:1 IsMainWorldOnly:0
 |   |   |- [+] [ 39]
 |   |   |   |- Guid:B214189147D32E3BBF479BAD4AF32D9B BaseClass: NativeClass:/Script/Engine.StaticMeshActor Name:StaticMeshActor_UAID_18C04DC61B16F73F02_1581900527 Label:SM_Building_Balcony_Support5 SpatiallyLoaded:1 Bounds:IsValid=true, Min=(X=416.568 Y=3690.593 Z=1275.000), Max=(X=680.000 Y=3780.000 Z=1505.461) RuntimeGrid:None EditorOnly:0 RuntimeOnly:0 HLODRelevant:1 ListedInSceneOutliner:1 IsMainWorldOnly:0
 |   |   |- [+] [ 40]
 |   |   |   |- Guid:B33EC37D4B050C757310E6A68CB0B077 BaseClass: NativeClass:/Script/Engine.StaticMeshActor Name:StaticMeshActor_UAID_18C04DC61B16F63F02_1734208344 Label:car_02_Start SpatiallyLoaded:1 Bounds:IsValid=true, Min=(X=385.677 Y=2692.242 Z=-859.801), Max=(X=684.631 Y=3351.895 Z=-599.935) RuntimeGrid:None EditorOnly:0 RuntimeOnly:0 HLODRelevant:1 ListedInSceneOutliner:1 IsMainWorldOnly:0
 |   |   |- [+] [ 41]
 |   |   |   |- Guid:B785ED2844B84CFB91E7F39FE661CD99 BaseClass: NativeClass:/Script/Engine.DirectionalLight Name:DirectionalLight_0 Label:DirectionalLight SpatiallyLoaded:0 Bounds:Invalid RuntimeGrid:None EditorOnly:0 RuntimeOnly:0 HLODRelevant:0 ListedInSceneOutliner:1 IsMainWorldOnly:0 FolderPath:Lighting FolderGuid:963EC3EB4002CCE9759E2EBA541A873A
 |   |   |- [+] [ 42]
 |   |   |   |- Guid:BE03A22043034B082C77ADA4A011F290 BaseClass: NativeClass:/Script/Engine.StaticMeshActor Name:StaticMeshActor_UAID_18C04DC61B16F73F02_1596328528 Label:SM_Building_Balcony_3 SpatiallyLoaded:1 Bounds:IsValid=true, Min=(X=344.177 Y=2773.238 Z=1225.000), Max=(X=680.000 Y=3525.369 Z=1389.269) RuntimeGrid:None EditorOnly:0 RuntimeOnly:0 HLODRelevant:1 ListedInSceneOutliner:1 IsMainWorldOnly:0
 |   |   |- [+] [ 43]
 |   |   |   |- Guid:C20E7C0D4EAF97179BF2E69FBD92DC8C BaseClass: NativeClass:/Script/Engine.StaticMeshActor Name:StaticMeshActor_UAID_18C04DC61B16F63F02_1205251341 Label:SM_Floor03 SpatiallyLoaded:1 Bounds:IsValid=true, Min=(X=-856.984 Y=-665.384 Z=-1573.691), Max=(X=1124.421 Y=8147.987 Z=-755.591) RuntimeGrid:None EditorOnly:0 RuntimeOnly:0 HLODRelevant:1 ListedInSceneOutliner:1 IsMainWorldOnly:0
 |   |   |- [+] [ 44]
 |   |   |   |- Guid:C46FA2BC486205B5B93C5C97D870BD24 BaseClass: NativeClass:/Script/Engine.StaticMeshActor Name:StaticMeshActor_UAID_18C04DC61B16F73F02_1477088526 Label:SM_Building_Balcony_Support4 SpatiallyLoaded:1 Bounds:IsValid=true, Min=(X=416.568 Y=3590.593 Z=290.000), Max=(X=680.000 Y=3680.000 Z=520.461) RuntimeGrid:None EditorOnly:0 RuntimeOnly:0 HLODRelevant:1 ListedInSceneOutliner:1 IsMainWorldOnly:0
 |   |   |- [+] [ 45]
 |   |   |   |- Guid:CCFF262C46EEFFDF319E7F9539CE697E BaseClass: NativeClass:/Script/Engine.SkyAtmosphere Name:SkyAtmosphere_0 Label:SkyAtmosphere SpatiallyLoaded:0 Bounds:IsValid=true, Min=(X=0.000 Y=0.000 Z=1020.000), Max=(X=0.000 Y=0.000 Z=1020.000) RuntimeGrid:None EditorOnly:0 RuntimeOnly:0 HLODRelevant:0 ListedInSceneOutliner:1 IsMainWorldOnly:0 FolderPath:Lighting FolderGuid:963EC3EB4002CCE9759E2EBA541A873A
 |   |   |- [+] [ 46]
 |   |   |   |- Guid:D5BEECB549FEE97D0AC19DA5941A93A3 BaseClass:/Game/BluePrints/Enemy.Enemy_C NativeClass:/Script/Engine.Actor Name:Enemy_C_UAID_18C04DC61B16F83F02_1420475709 Label:Enemy2 SpatiallyLoaded:1 Bounds:IsValid=true, Min=(X=485.000 Y=4545.000 Z=937.500), Max=(X=535.000 Y=4595.000 Z=1005.000) RuntimeGrid:None EditorOnly:0 RuntimeOnly:0 HLODRelevant:0 ListedInSceneOutliner:1 IsMainWorldOnly:0
 |   |   |- [+] [ 47]
 |   |   |   |- Guid:DB1181234419A86C01CAC093335B868A BaseClass:/Game/ThirdPerson/Obstacles/BP_ShowText.BP_ShowText_C NativeClass:/Script/Engine.TriggerBox Name:BP_ShowText_C_UAID_18C04DC61B16843D02_1247890145 Label:BP_ShowText SpatiallyLoaded:1 Bounds:IsValid=true, Min=(X=377.500 Y=1891.250 Z=5.000), Max=(X=662.500 Y=2098.750 Z=255.000) RuntimeGrid:None EditorOnly:0 RuntimeOnly:0 HLODRelevant:0 ListedInSceneOutliner:1 IsMainWorldOnly:0
 |   |   |- [+] [ 48]
 |   |   |   |- Guid:EC4E0C944CE6AC6E784BC6BB2916EA13 BaseClass: NativeClass:/Script/Engine.StaticMeshActor Name:StaticMeshActor_UAID_A4AE111137DC5EFB00_1110535423 Label:SM_SkySphere SpatiallyLoaded:0 Bounds:IsValid=true, Min=(X=-1638400.000 Y=-1638400.000 Z=-1638400.000), Max=(X=1638400.000 Y=1638400.000 Z=1638400.000) RuntimeGrid:None EditorOnly:0 RuntimeOnly:0 HLODRelevant:0 ListedInSceneOutliner:1 IsMainWorldOnly:0 FolderPath:Lighting FolderGuid:963EC3EB4002CCE9759E2EBA541A873A
 |   |   |- [+] [ 49]
 |   |   |   |- Guid:F24D7D2D476A0E5649B1D0848FC0F779 BaseClass:/Game/ThirdPerson/Obstacles/BP_PlayAnim.BP_PlayAnim_C NativeClass:/Script/Engine.TriggerBox Name:BP_PlayAnim_C_UAID_18C04DC61B16F93F02_1261474892 Label:BP_PlayAnim2 SpatiallyLoaded:1 Bounds:IsValid=true, Min=(X=430.000 Y=829.010 Z=2105.000), Max=(X=590.000 Y=1220.990 Z=2265.000) RuntimeGrid:None EditorOnly:0 RuntimeOnly:0 HLODRelevant:0 ListedInSceneOutliner:1 IsMainWorldOnly:0
 |   |   |- [+] [ 50]
 |   |   |   |- Guid:F5E3FEB3450C49844FD93DA8E083C8AD BaseClass: NativeClass:/Script/Engine.PostProcessVolume Name:PostProcessVolume_0 Label:PostProcessVolume SpatiallyLoaded:0 Bounds:IsValid=true, Min=(X=0.000 Y=0.000 Z=400.000), Max=(X=200.000 Y=200.000 Z=600.000) RuntimeGrid:None EditorOnly:0 RuntimeOnly:0 HLODRelevant:0 ListedInSceneOutliner:1 IsMainWorldOnly:0 FolderPath:Lighting FolderGuid:963EC3EB4002CCE9759E2EBA541A873A
 |   |   |- [+] [ 51]
 |   |   |   |- Guid:F672A3BF4D394ACC4D7A8FB118A6636B BaseClass: NativeClass:/Script/Engine.StaticMeshActor Name:StaticMeshActor_UAID_18C04DC61B16F73F02_1781256530 Label:SM_Building_Balcony_Support6 SpatiallyLoaded:1 Bounds:IsValid=true, Min=(X=416.568 Y=2250.593 Z=1955.000), Max=(X=680.000 Y=2340.000 Z=2185.461) RuntimeGrid:None EditorOnly:0 RuntimeOnly:0 HLODRelevant:1 ListedInSceneOutliner:1 IsMainWorldOnly:0
 |   |   |- [+] [ 52]
 |   |   |   |- Guid:F7B2AC60460204CF1F7DF4AAF7EB96F5 BaseClass: NativeClass:/Script/Engine.StaticMeshActor Name:StaticMeshActor_UAID_18C04DC61B16F83F02_1325484708 Label:SM_Building_Balcony_4 SpatiallyLoaded:1 Bounds:IsValid=true, Min=(X=344.177 Y=628.238 Z=2015.000), Max=(X=680.000 Y=1380.369 Z=2179.269) RuntimeGrid:None EditorOnly:0 RuntimeOnly:0 HLODRelevant:1 ListedInSceneOutliner:1 IsMainWorldOnly:0
 |- ContainerInstances:
 |- [+] MainContainer:
 |   |-        ID: 00000000000000000000000000000000
 |   |-  ParentID: 00000000000000000000000000000000
 |   |-    Bounds: IsValid=false, Min=(X=0.000 Y=0.000 Z=0.000), Max=(X=0.000 Y=0.000 Z=0.000)
 |   |- Transform: 0.000000,0.000000,0.000000|0.000000,0.000000,-0.000000|1.000000,1.000000,1.000000
 |   |- Container: /Game/ThirdPerson/Maps/ThirdPersonMap
----------------------------------------------------------------------------------------------------------------
ThirdPersonMap - Persistent Level
----------------------------------------------------------------------------------------------------------------
[+] Content of ThirdPersonMap Persistent Level
 |- Always loaded Actor Count: 53 
 |- Actor Path: /Game/ThirdPerson/Maps/ThirdPersonMap.ThirdPersonMap:PersistentLevel.BP_AllowDash_C_UAID_18C04DC61B16853D02_1130525326
 |- Actor Package: /Game/__ExternalActors__/ThirdPerson/Maps/ThirdPersonMap/0/X0/BC7MDTVIY70YHJ1FOU5XZ4
 |- Actor Path: /Game/ThirdPerson/Maps/ThirdPersonMap.ThirdPersonMap:PersistentLevel.BP_AllowDobuleJump_C_UAID_18C04DC61B16833D02_2026429968
 |- Actor Package: /Game/__ExternalActors__/ThirdPerson/Maps/ThirdPersonMap/2/CG/4C973W8DAD4TPYUW2J5BUG
 |- Actor Path: /Game/ThirdPerson/Maps/ThirdPersonMap.ThirdPersonMap:PersistentLevel.BP_Fountain_C_UAID_18C04DC61B16863D02_1277188505
 |- Actor Package: /Game/__ExternalActors__/ThirdPerson/Maps/ThirdPersonMap/2/IG/UZI028JHTF1TJILZ1B5M4N
 |- Actor Path: /Game/ThirdPerson/Maps/ThirdPersonMap.ThirdPersonMap:PersistentLevel.BP_movalablePlatform_C_UAID_18C04DC61B16853D02_1655164328
 |- Actor Package: /Game/__ExternalActors__/ThirdPerson/Maps/ThirdPersonMap/2/ZY/3R9SFWUFBF7VLQTFYJJB3Y
 |- Actor Path: /Game/ThirdPerson/Maps/ThirdPersonMap.ThirdPersonMap:PersistentLevel.BP_movalablePlatform_C_UAID_18C04DC61B16F73F02_1746314529
 |- Actor Package: /Game/__ExternalActors__/ThirdPerson/Maps/ThirdPersonMap/A/NS/C5RO8QN1O72VP0LRFLK6M1
 |- Actor Path: /Game/ThirdPerson/Maps/ThirdPersonMap.ThirdPersonMap:PersistentLevel.BP_movalablePlatform_C_UAID_18C04DC61B16F83F02_1700340714
 |- Actor Package: /Game/__ExternalActors__/ThirdPerson/Maps/ThirdPersonMap/9/Q6/4SX2109PC5QSOGDNCDU7OY
 |- Actor Path: /Game/ThirdPerson/Maps/ThirdPersonMap.ThirdPersonMap:PersistentLevel.BP_PlayAnim_C_UAID_18C04DC61B16F93F02_1261474892
 |- Actor Package: /Game/__ExternalActors__/ThirdPerson/Maps/ThirdPersonMap/9/GX/Y0HISKB721MZ8WW0LBKRW7
 |- Actor Path: /Game/ThirdPerson/Maps/ThirdPersonMap.ThirdPersonMap:PersistentLevel.BP_SaveG_Trigger_C_UAID_18C04DC61B16823D02_1661385791
 |- Actor Package: /Game/__ExternalActors__/ThirdPerson/Maps/ThirdPersonMap/A/0O/CCL73390URB4GD6FPJIVF1
 |- Actor Path: /Game/ThirdPerson/Maps/ThirdPersonMap.ThirdPersonMap:PersistentLevel.BP_ShowText_C_UAID_18C04DC61B16843D02_1247890145
 |- Actor Package: /Game/__ExternalActors__/ThirdPerson/Maps/ThirdPersonMap/A/JW/09ZQ9CCYT24YJ9XKJQIAYH
 |- Actor Path: /Game/ThirdPerson/Maps/ThirdPersonMap.ThirdPersonMap:PersistentLevel.BP_ShowText_C_UAID_18C04DC61B16F73F02_1114355525
 |- Actor Package: /Game/__ExternalActors__/ThirdPerson/Maps/ThirdPersonMap/6/83/8SORCYKTST6XKY2NW1XM3Y
 |- Actor Path: /Game/ThirdPerson/Maps/ThirdPersonMap.ThirdPersonMap:PersistentLevel.BP_ShowText_C_UAID_18C04DC61B16F93F02_1285906893
 |- Actor Package: /Game/__ExternalActors__/ThirdPerson/Maps/ThirdPersonMap/C/RP/KJQ3SEK29GZLUUK1G7D1UE
 |- Actor Path: /Game/ThirdPerson/Maps/ThirdPersonMap.ThirdPersonMap:PersistentLevel.CameraActor_UAID_18C04DC61B166D3A02_1141421927
 |- Actor Package: /Game/__ExternalActors__/ThirdPerson/Maps/ThirdPersonMap/2/EK/0LS2BOKZTZPQBDEJF156HL
 |- Actor Path: /Game/ThirdPerson/Maps/ThirdPersonMap.ThirdPersonMap:PersistentLevel.DirectionalLight_0
 |- Actor Package: /Game/__ExternalActors__/ThirdPerson/Maps/ThirdPersonMap/5/R1/TS5OQ5CRUWFZYL1ZQ7I416
 |- Actor Path: /Game/ThirdPerson/Maps/ThirdPersonMap.ThirdPersonMap:PersistentLevel.Enemy_C_UAID_18C04DC61B16003F02_1413300024
 |- Actor Package: /Game/__ExternalActors__/ThirdPerson/Maps/ThirdPersonMap/F/2Q/E0HIQXU7QR2OS5VEFPKB91
 |- Actor Path: /Game/ThirdPerson/Maps/ThirdPersonMap.ThirdPersonMap:PersistentLevel.Enemy_C_UAID_18C04DC61B16F83F02_1420475709
 |- Actor Package: /Game/__ExternalActors__/ThirdPerson/Maps/ThirdPersonMap/8/U3/DUEFS2NHQDK7SCGBZOEDQA
 |- Actor Path: /Game/ThirdPerson/Maps/ThirdPersonMap.ThirdPersonMap:PersistentLevel.Enemy_C_UAID_18C04DC61B16F83F02_1430401710
 |- Actor Package: /Game/__ExternalActors__/ThirdPerson/Maps/ThirdPersonMap/A/L6/3TRYBRBNBBKFP371BDK0ST
 |- Actor Path: /Game/ThirdPerson/Maps/ThirdPersonMap.ThirdPersonMap:PersistentLevel.Enemy_C_UAID_18C04DC61B16F83F02_1431776711
 |- Actor Package: /Game/__ExternalActors__/ThirdPerson/Maps/ThirdPersonMap/A/I7/TI5BX9GTL1MZ12RXPUKWRB
 |- Actor Path: /Game/ThirdPerson/Maps/ThirdPersonMap.ThirdPersonMap:PersistentLevel.ExponentialHeightFog_0
 |- Actor Package: /Game/__ExternalActors__/ThirdPerson/Maps/ThirdPersonMap/6/J7/N10XDC9G27EMLS5AGZ6AVV
 |- Actor Path: /Game/ThirdPerson/Maps/ThirdPersonMap.ThirdPersonMap:PersistentLevel.PlayerStart_0
 |- Actor Package: /Game/__ExternalActors__/ThirdPerson/Maps/ThirdPersonMap/D/DE/SWSI13675DVYIZ0N4NF7Y3
 |- Actor Path: /Game/ThirdPerson/Maps/ThirdPersonMap.ThirdPersonMap:PersistentLevel.PostProcessVolume_0
 |- Actor Package: /Game/__ExternalActors__/ThirdPerson/Maps/ThirdPersonMap/1/AZ/A7GPT109Y6ZTTJD4A7TXER
 |- Actor Path: /Game/ThirdPerson/Maps/ThirdPersonMap.ThirdPersonMap:PersistentLevel.SkyAtmosphere_0
 |- Actor Package: /Game/__ExternalActors__/ThirdPerson/Maps/ThirdPersonMap/4/LN/30UBDLYFFA5ZR7U4W4L4GG
 |- Actor Path: /Game/ThirdPerson/Maps/ThirdPersonMap.ThirdPersonMap:PersistentLevel.SkyLight_1
 |- Actor Package: /Game/__ExternalActors__/ThirdPerson/Maps/ThirdPersonMap/8/S1/DXUWD12MD3HRWVVXX076BY
 |- Actor Path: /Game/ThirdPerson/Maps/ThirdPersonMap.ThirdPersonMap:PersistentLevel.StaticMeshActor_UAID_18C04DC61B16F53F02_1349283144
 |- Actor Package: /Game/__ExternalActors__/ThirdPerson/Maps/ThirdPersonMap/E/NK/QGG4UV0GWHFZZX7HGRDC4A
 |- Actor Path: /Game/ThirdPerson/Maps/ThirdPersonMap.ThirdPersonMap:PersistentLevel.StaticMeshActor_UAID_18C04DC61B16F53F02_1405998145
 |- Actor Package: /Game/__ExternalActors__/ThirdPerson/Maps/ThirdPersonMap/2/KV/WEUON0E0GQ066PNM016RH2
 |- Actor Path: /Game/ThirdPerson/Maps/ThirdPersonMap.ThirdPersonMap:PersistentLevel.StaticMeshActor_UAID_18C04DC61B16F53F02_1656134152
 |- Actor Package: /Game/__ExternalActors__/ThirdPerson/Maps/ThirdPersonMap/5/OS/T3I6BFFTSHA0AYMQID05SH
 |- Actor Path: /Game/ThirdPerson/Maps/ThirdPersonMap.ThirdPersonMap:PersistentLevel.StaticMeshActor_UAID_18C04DC61B16F53F02_1731871153
 |- Actor Package: /Game/__ExternalActors__/ThirdPerson/Maps/ThirdPersonMap/C/YZ/7A26Z1B540IDNLR5I0JW9Z
 |- Actor Path: /Game/ThirdPerson/Maps/ThirdPersonMap.ThirdPersonMap:PersistentLevel.StaticMeshActor_UAID_18C04DC61B16F63F02_1102968333
 |- Actor Package: /Game/__ExternalActors__/ThirdPerson/Maps/ThirdPersonMap/C/AU/VY2D23XVY2M3TRG2KMBPDN
 |- Actor Path: /Game/ThirdPerson/Maps/ThirdPersonMap.ThirdPersonMap:PersistentLevel.StaticMeshActor_UAID_18C04DC61B16F63F02_1147926334
 |- Actor Package: /Game/__ExternalActors__/ThirdPerson/Maps/ThirdPersonMap/A/3V/EX7Y2CEOSPHM57F3JU25EF
 |- Actor Path: /Game/ThirdPerson/Maps/ThirdPersonMap.ThirdPersonMap:PersistentLevel.StaticMeshActor_UAID_18C04DC61B16F63F02_1166480335
 |- Actor Package: /Game/__ExternalActors__/ThirdPerson/Maps/ThirdPersonMap/C/JU/S01USFGQCR72TIUKLOQFYG
 |- Actor Path: /Game/ThirdPerson/Maps/ThirdPersonMap.ThirdPersonMap:PersistentLevel.StaticMeshActor_UAID_18C04DC61B16F63F02_1166483336
 |- Actor Package: /Game/__ExternalActors__/ThirdPerson/Maps/ThirdPersonMap/D/0M/QLMK81Z44CPAJYJGZZHZF4
 |- Actor Path: /Game/ThirdPerson/Maps/ThirdPersonMap.ThirdPersonMap:PersistentLevel.StaticMeshActor_UAID_18C04DC61B16F63F02_1187517337
 |- Actor Package: /Game/__ExternalActors__/ThirdPerson/Maps/ThirdPersonMap/E/YR/TFOGNCXU83T6K78DWHUB43
 |- Actor Path: /Game/ThirdPerson/Maps/ThirdPersonMap.ThirdPersonMap:PersistentLevel.StaticMeshActor_UAID_18C04DC61B16F63F02_1187521338
 |- Actor Package: /Game/__ExternalActors__/ThirdPerson/Maps/ThirdPersonMap/5/CM/SE78U8GU10P8S98QNOYMTV
 |- Actor Path: /Game/ThirdPerson/Maps/ThirdPersonMap.ThirdPersonMap:PersistentLevel.StaticMeshActor_UAID_18C04DC61B16F63F02_1187523339
 |- Actor Package: /Game/__ExternalActors__/ThirdPerson/Maps/ThirdPersonMap/D/O1/RN0YZ55T9D7PWWDKKO7SOC
 |- Actor Path: /Game/ThirdPerson/Maps/ThirdPersonMap.ThirdPersonMap:PersistentLevel.StaticMeshActor_UAID_18C04DC61B16F63F02_1187524340
 |- Actor Package: /Game/__ExternalActors__/ThirdPerson/Maps/ThirdPersonMap/0/1U/EY8KVJ19A1PRILFU14953A
 |- Actor Path: /Game/ThirdPerson/Maps/ThirdPersonMap.ThirdPersonMap:PersistentLevel.StaticMeshActor_UAID_18C04DC61B16F63F02_1205251341
 |- Actor Package: /Game/__ExternalActors__/ThirdPerson/Maps/ThirdPersonMap/8/3N/EFT3PVAT0LQEPHUMU39VSE
 |- Actor Path: /Game/ThirdPerson/Maps/ThirdPersonMap.ThirdPersonMap:PersistentLevel.StaticMeshActor_UAID_18C04DC61B16F63F02_1679094342
 |- Actor Package: /Game/__ExternalActors__/ThirdPerson/Maps/ThirdPersonMap/C/ZN/LV72A7R02Z3PAY4VDGDPGN
 |- Actor Path: /Game/ThirdPerson/Maps/ThirdPersonMap.ThirdPersonMap:PersistentLevel.StaticMeshActor_UAID_18C04DC61B16F63F02_1734208344
 |- Actor Package: /Game/__ExternalActors__/ThirdPerson/Maps/ThirdPersonMap/A/HN/Z5W5V61F494ILNDEI86T2T
 |- Actor Path: /Game/ThirdPerson/Maps/ThirdPersonMap.ThirdPersonMap:PersistentLevel.StaticMeshActor_UAID_18C04DC61B16F63F02_2090452348
 |- Actor Package: /Game/__ExternalActors__/ThirdPerson/Maps/ThirdPersonMap/2/WQ/YCUJSCFOR1R9AR3HA30H01
 |- Actor Path: /Game/ThirdPerson/Maps/ThirdPersonMap.ThirdPersonMap:PersistentLevel.StaticMeshActor_UAID_18C04DC61B16F73F02_1477088526
 |- Actor Package: /Game/__ExternalActors__/ThirdPerson/Maps/ThirdPersonMap/C/UE/DD313ZTHK3WMIBWX7ID19E
 |- Actor Path: /Game/ThirdPerson/Maps/ThirdPersonMap.ThirdPersonMap:PersistentLevel.StaticMeshActor_UAID_18C04DC61B16F73F02_1581900527
 |- Actor Package: /Game/__ExternalActors__/ThirdPerson/Maps/ThirdPersonMap/E/2J/LWD1J6UGTJXCBVSPFJZXBT
 |- Actor Path: /Game/ThirdPerson/Maps/ThirdPersonMap.ThirdPersonMap:PersistentLevel.StaticMeshActor_UAID_18C04DC61B16F73F02_1596328528
 |- Actor Package: /Game/__ExternalActors__/ThirdPerson/Maps/ThirdPersonMap/E/RU/A9JEYSTV901LX0CSA9SPRT
 |- Actor Path: /Game/ThirdPerson/Maps/ThirdPersonMap.ThirdPersonMap:PersistentLevel.StaticMeshActor_UAID_18C04DC61B16F73F02_1781256530
 |- Actor Package: /Game/__ExternalActors__/ThirdPerson/Maps/ThirdPersonMap/1/MY/0WKJQ555FFIBT5R8KEFBXI
 |- Actor Path: /Game/ThirdPerson/Maps/ThirdPersonMap.ThirdPersonMap:PersistentLevel.StaticMeshActor_UAID_18C04DC61B16F73F02_1784230531
 |- Actor Package: /Game/__ExternalActors__/ThirdPerson/Maps/ThirdPersonMap/B/K9/BEEK3K92GN0ZXT2L1D4U3I
 |- Actor Path: /Game/ThirdPerson/Maps/ThirdPersonMap.ThirdPersonMap:PersistentLevel.StaticMeshActor_UAID_18C04DC61B16F83F02_1325484708
 |- Actor Package: /Game/__ExternalActors__/ThirdPerson/Maps/ThirdPersonMap/3/HE/JJR1GQLZXR9KFH084783NE
 |- Actor Path: /Game/ThirdPerson/Maps/ThirdPersonMap.ThirdPersonMap:PersistentLevel.StaticMeshActor_UAID_18C04DC61B16F83F02_1489409712
 |- Actor Package: /Game/__ExternalActors__/ThirdPerson/Maps/ThirdPersonMap/4/55/Z8TH5D0HWY9IULPS37G1DL
 |- Actor Path: /Game/ThirdPerson/Maps/ThirdPersonMap.ThirdPersonMap:PersistentLevel.StaticMeshActor_UAID_18C04DC61B16F83F02_1489412713
 |- Actor Package: /Game/__ExternalActors__/ThirdPerson/Maps/ThirdPersonMap/4/C3/2VAE9KJPHATII2BGCQG4KX
 |- Actor Path: /Game/ThirdPerson/Maps/ThirdPersonMap.ThirdPersonMap:PersistentLevel.StaticMeshActor_UAID_A4AE111137DC5EFB00_1110535423
 |- Actor Package: /Game/__ExternalActors__/ThirdPerson/Maps/ThirdPersonMap/4/PN/2QISIGK5DJNQ05US8O8FXW
 |- Actor Path: /Game/ThirdPerson/Maps/ThirdPersonMap.ThirdPersonMap:PersistentLevel.TextRenderActor_1
 |- Actor Package: /Game/__ExternalActors__/ThirdPerson/Maps/ThirdPersonMap/1/WU/NB37RT5Q32Z8MJWD8BD2SO
 |- Actor Path: /Game/ThirdPerson/Maps/ThirdPersonMap.ThirdPersonMap:PersistentLevel.TriggerBox_UAID_18C04DC61B166D3A02_1238184928
 |- Actor Package: /Game/__ExternalActors__/ThirdPerson/Maps/ThirdPersonMap/8/N8/79AI8SLGOEUDHA1869W851
 |- Actor Path: /Game/ThirdPerson/Maps/ThirdPersonMap.ThirdPersonMap:PersistentLevel.TriggerBox_UAID_18C04DC61B166D3A02_1532385929
 |- Actor Package: /Game/__ExternalActors__/ThirdPerson/Maps/ThirdPersonMap/8/0B/4IO42915LJIXJ9JN87FOYB
 |- Actor Path: /Game/ThirdPerson/Maps/ThirdPersonMap.ThirdPersonMap:PersistentLevel.TriggerBox_UAID_18C04DC61B166D3A02_1537811930
 |- Actor Package: /Game/__ExternalActors__/ThirdPerson/Maps/ThirdPersonMap/D/H6/J5YBL55UCG4H7RPLD4QDIE
 |- Actor Path: /Game/ThirdPerson/Maps/ThirdPersonMap.ThirdPersonMap:PersistentLevel.VolumetricCloud_0
 |- Actor Package: /Game/__ExternalActors__/ThirdPerson/Maps/ThirdPersonMap/3/EY/87SHEJN5UBEAN2K5OV1G6R
 |- Actor Path: /Game/ThirdPerson/Maps/ThirdPersonMap.ThirdPersonMap:PersistentLevel.WorldDataLayers
 |- Actor Package: /Game/__ExternalActors__/ThirdPerson/Maps/ThirdPersonMap/0/43/HYQWORMY4JDQ5X3OKZXFLC

----------------------------------------------------------------------------------------------------------------
ThirdPersonMap - Runtime Hash Set
----------------------------------------------------------------------------------------------------------------

